This is pdfTeX, Version 3.14159265-2.6-1.40.18 (TeX Live 2017/Debian) (preloaded format=pdflatex 2019.4.6)  18 APR 2019 17:50
entering extended mode
 restricted \write18 enabled.
 %&-line parsing enabled.
**final-report.tex
(./final-report.tex
LaTeX2e <2017-04-15>
Babel <3.18> and hyphenation patterns for 5 language(s) loaded.
(/usr/share/texlive/texmf-dist/tex/latex/base/report.cls
Document Class: report 2014/09/29 v1.4h Standard LaTeX document class
(/usr/share/texlive/texmf-dist/tex/latex/base/size12.clo
File: size12.clo 2014/09/29 v1.4h Standard LaTeX file (size option)
)
\c@part=\count79
\c@chapter=\count80
\c@section=\count81
\c@subsection=\count82
\c@subsubsection=\count83
\c@paragraph=\count84
\c@subparagraph=\count85
\c@figure=\count86
\c@table=\count87
\abovecaptionskip=\skip41
\belowcaptionskip=\skip42
\bibindent=\dimen102
)
(/usr/share/texlive/texmf-dist/tex/latex/psnfss/mathptmx.sty
Package: mathptmx 2005/04/12 PSNFSS-v9.2a Times w/ Math, improved (SPQR, WaS) 
LaTeX Font Info:    Redeclaring symbol font `operators' on input line 28.
LaTeX Font Info:    Overwriting symbol font `operators' in version `normal'
(Font)                  OT1/cmr/m/n --> OT1/ztmcm/m/n on input line 28.
LaTeX Font Info:    Overwriting symbol font `operators' in version `bold'
(Font)                  OT1/cmr/bx/n --> OT1/ztmcm/m/n on input line 28.
LaTeX Font Info:    Redeclaring symbol font `letters' on input line 29.
LaTeX Font Info:    Overwriting symbol font `letters' in version `normal'
(Font)                  OML/cmm/m/it --> OML/ztmcm/m/it on input line 29.
LaTeX Font Info:    Overwriting symbol font `letters' in version `bold'
(Font)                  OML/cmm/b/it --> OML/ztmcm/m/it on input line 29.
LaTeX Font Info:    Redeclaring symbol font `symbols' on input line 30.
LaTeX Font Info:    Overwriting symbol font `symbols' in version `normal'
(Font)                  OMS/cmsy/m/n --> OMS/ztmcm/m/n on input line 30.
LaTeX Font Info:    Overwriting symbol font `symbols' in version `bold'
(Font)                  OMS/cmsy/b/n --> OMS/ztmcm/m/n on input line 30.
LaTeX Font Info:    Redeclaring symbol font `largesymbols' on input line 31.
LaTeX Font Info:    Overwriting symbol font `largesymbols' in version `normal'
(Font)                  OMX/cmex/m/n --> OMX/ztmcm/m/n on input line 31.
LaTeX Font Info:    Overwriting symbol font `largesymbols' in version `bold'
(Font)                  OMX/cmex/m/n --> OMX/ztmcm/m/n on input line 31.
\symbold=\mathgroup4
\symitalic=\mathgroup5
LaTeX Font Info:    Redeclaring math alphabet \mathbf on input line 34.
LaTeX Font Info:    Overwriting math alphabet `\mathbf' in version `normal'
(Font)                  OT1/cmr/bx/n --> OT1/ptm/bx/n on input line 34.
LaTeX Font Info:    Overwriting math alphabet `\mathbf' in version `bold'
(Font)                  OT1/cmr/bx/n --> OT1/ptm/bx/n on input line 34.
LaTeX Font Info:    Redeclaring math alphabet \mathit on input line 35.
LaTeX Font Info:    Overwriting math alphabet `\mathit' in version `normal'
(Font)                  OT1/cmr/m/it --> OT1/ptm/m/it on input line 35.
LaTeX Font Info:    Overwriting math alphabet `\mathit' in version `bold'
(Font)                  OT1/cmr/bx/it --> OT1/ptm/m/it on input line 35.
LaTeX Info: Redefining \hbar on input line 50.
)
(/usr/share/texlive/texmf-dist/tex/latex/geometry/geometry.sty
Package: geometry 2010/09/12 v5.6 Page Geometry

(/usr/share/texlive/texmf-dist/tex/latex/graphics/keyval.sty
Package: keyval 2014/10/28 v1.15 key=value parser (DPC)
\KV@toks@=\toks14
)
(/usr/share/texlive/texmf-dist/tex/generic/oberdiek/ifpdf.sty
Package: ifpdf 2017/03/15 v3.2 Provides the ifpdf switch
)
(/usr/share/texlive/texmf-dist/tex/generic/oberdiek/ifvtex.sty
Package: ifvtex 2016/05/16 v1.6 Detect VTeX and its facilities (HO)
Package ifvtex Info: VTeX not detected.
)
(/usr/share/texlive/texmf-dist/tex/generic/ifxetex/ifxetex.sty
Package: ifxetex 2010/09/12 v0.6 Provides ifxetex conditional
)
\Gm@cnth=\count88
\Gm@cntv=\count89
\c@Gm@tempcnt=\count90
\Gm@bindingoffset=\dimen103
\Gm@wd@mp=\dimen104
\Gm@odd@mp=\dimen105
\Gm@even@mp=\dimen106
\Gm@layoutwidth=\dimen107
\Gm@layoutheight=\dimen108
\Gm@layouthoffset=\dimen109
\Gm@layoutvoffset=\dimen110
\Gm@dimlist=\toks15
)
(/usr/share/texlive/texmf-dist/tex/latex/natbib/natbib.sty
Package: natbib 2010/09/13 8.31b (PWD, AO)
\bibhang=\skip43
\bibsep=\skip44
LaTeX Info: Redefining \cite on input line 694.
\c@NAT@ctr=\count91
)
(/usr/share/texlive/texmf-dist/tex/latex/graphics/graphicx.sty
Package: graphicx 2017/06/01 v1.1a Enhanced LaTeX Graphics (DPC,SPQR)

(/usr/share/texlive/texmf-dist/tex/latex/graphics/graphics.sty
Package: graphics 2017/06/25 v1.2c Standard LaTeX Graphics (DPC,SPQR)

(/usr/share/texlive/texmf-dist/tex/latex/graphics/trig.sty
Package: trig 2016/01/03 v1.10 sin cos tan (DPC)
)
(/usr/share/texlive/texmf-dist/tex/latex/graphics-cfg/graphics.cfg
File: graphics.cfg 2016/06/04 v1.11 sample graphics configuration
)
Package graphics Info: Driver file: pdftex.def on input line 99.

(/usr/share/texlive/texmf-dist/tex/latex/graphics-def/pdftex.def
File: pdftex.def 2018/01/08 v1.0l Graphics/color driver for pdftex
))
\Gin@req@height=\dimen111
\Gin@req@width=\dimen112
)
(/usr/share/texlive/texmf-dist/tex/latex/setspace/setspace.sty
Package: setspace 2011/12/19 v6.7a set line spacing
)
(/usr/share/texlive/texmf-dist/tex/latex/base/textcomp.sty
Package: textcomp 2017/04/05 v2.0i Standard LaTeX package
Package textcomp Info: Sub-encoding information:
(textcomp)               5 = only ISO-Adobe without \textcurrency
(textcomp)               4 = 5 + \texteuro
(textcomp)               3 = 4 + \textohm
(textcomp)               2 = 3 + \textestimated + \textcurrency
(textcomp)               1 = TS1 - \textcircled - \t
(textcomp)               0 = TS1 (full)
(textcomp)             Font families with sub-encoding setting implement
(textcomp)             only a restricted character set as indicated.
(textcomp)             Family '?' is the default used for unknown fonts.
(textcomp)             See the documentation for details.
Package textcomp Info: Setting ? sub-encoding to TS1/1 on input line 79.

(/usr/share/texlive/texmf-dist/tex/latex/base/ts1enc.def
File: ts1enc.def 2001/06/05 v3.0e (jk/car/fm) Standard LaTeX file
)
LaTeX Info: Redefining \oldstylenums on input line 334.
Package textcomp Info: Setting cmr sub-encoding to TS1/0 on input line 349.
Package textcomp Info: Setting cmss sub-encoding to TS1/0 on input line 350.
Package textcomp Info: Setting cmtt sub-encoding to TS1/0 on input line 351.
Package textcomp Info: Setting cmvtt sub-encoding to TS1/0 on input line 352.
Package textcomp Info: Setting cmbr sub-encoding to TS1/0 on input line 353.
Package textcomp Info: Setting cmtl sub-encoding to TS1/0 on input line 354.
Package textcomp Info: Setting ccr sub-encoding to TS1/0 on input line 355.
Package textcomp Info: Setting ptm sub-encoding to TS1/4 on input line 356.
Package textcomp Info: Setting pcr sub-encoding to TS1/4 on input line 357.
Package textcomp Info: Setting phv sub-encoding to TS1/4 on input line 358.
Package textcomp Info: Setting ppl sub-encoding to TS1/3 on input line 359.
Package textcomp Info: Setting pag sub-encoding to TS1/4 on input line 360.
Package textcomp Info: Setting pbk sub-encoding to TS1/4 on input line 361.
Package textcomp Info: Setting pnc sub-encoding to TS1/4 on input line 362.
Package textcomp Info: Setting pzc sub-encoding to TS1/4 on input line 363.
Package textcomp Info: Setting bch sub-encoding to TS1/4 on input line 364.
Package textcomp Info: Setting put sub-encoding to TS1/5 on input line 365.
Package textcomp Info: Setting uag sub-encoding to TS1/5 on input line 366.
Package textcomp Info: Setting ugq sub-encoding to TS1/5 on input line 367.
Package textcomp Info: Setting ul8 sub-encoding to TS1/4 on input line 368.
Package textcomp Info: Setting ul9 sub-encoding to TS1/4 on input line 369.
Package textcomp Info: Setting augie sub-encoding to TS1/5 on input line 370.
Package textcomp Info: Setting dayrom sub-encoding to TS1/3 on input line 371.
Package textcomp Info: Setting dayroms sub-encoding to TS1/3 on input line 372.

Package textcomp Info: Setting pxr sub-encoding to TS1/0 on input line 373.
Package textcomp Info: Setting pxss sub-encoding to TS1/0 on input line 374.
Package textcomp Info: Setting pxtt sub-encoding to TS1/0 on input line 375.
Package textcomp Info: Setting txr sub-encoding to TS1/0 on input line 376.
Package textcomp Info: Setting txss sub-encoding to TS1/0 on input line 377.
Package textcomp Info: Setting txtt sub-encoding to TS1/0 on input line 378.
Package textcomp Info: Setting lmr sub-encoding to TS1/0 on input line 379.
Package textcomp Info: Setting lmdh sub-encoding to TS1/0 on input line 380.
Package textcomp Info: Setting lmss sub-encoding to TS1/0 on input line 381.
Package textcomp Info: Setting lmssq sub-encoding to TS1/0 on input line 382.
Package textcomp Info: Setting lmvtt sub-encoding to TS1/0 on input line 383.
Package textcomp Info: Setting lmtt sub-encoding to TS1/0 on input line 384.
Package textcomp Info: Setting qhv sub-encoding to TS1/0 on input line 385.
Package textcomp Info: Setting qag sub-encoding to TS1/0 on input line 386.
Package textcomp Info: Setting qbk sub-encoding to TS1/0 on input line 387.
Package textcomp Info: Setting qcr sub-encoding to TS1/0 on input line 388.
Package textcomp Info: Setting qcs sub-encoding to TS1/0 on input line 389.
Package textcomp Info: Setting qpl sub-encoding to TS1/0 on input line 390.
Package textcomp Info: Setting qtm sub-encoding to TS1/0 on input line 391.
Package textcomp Info: Setting qzc sub-encoding to TS1/0 on input line 392.
Package textcomp Info: Setting qhvc sub-encoding to TS1/0 on input line 393.
Package textcomp Info: Setting futs sub-encoding to TS1/4 on input line 394.
Package textcomp Info: Setting futx sub-encoding to TS1/4 on input line 395.
Package textcomp Info: Setting futj sub-encoding to TS1/4 on input line 396.
Package textcomp Info: Setting hlh sub-encoding to TS1/3 on input line 397.
Package textcomp Info: Setting hls sub-encoding to TS1/3 on input line 398.
Package textcomp Info: Setting hlst sub-encoding to TS1/3 on input line 399.
Package textcomp Info: Setting hlct sub-encoding to TS1/5 on input line 400.
Package textcomp Info: Setting hlx sub-encoding to TS1/5 on input line 401.
Package textcomp Info: Setting hlce sub-encoding to TS1/5 on input line 402.
Package textcomp Info: Setting hlcn sub-encoding to TS1/5 on input line 403.
Package textcomp Info: Setting hlcw sub-encoding to TS1/5 on input line 404.
Package textcomp Info: Setting hlcf sub-encoding to TS1/5 on input line 405.
Package textcomp Info: Setting pplx sub-encoding to TS1/3 on input line 406.
Package textcomp Info: Setting pplj sub-encoding to TS1/3 on input line 407.
Package textcomp Info: Setting ptmx sub-encoding to TS1/4 on input line 408.
Package textcomp Info: Setting ptmj sub-encoding to TS1/4 on input line 409.
)
(/usr/share/texlive/texmf-dist/tex/latex/caption/subcaption.sty
Package: subcaption 2016/05/22 v1.1-161 Sub-captions (AR)

(/usr/share/texlive/texmf-dist/tex/latex/caption/caption.sty
Package: caption 2016/02/21 v3.3-144 Customizing captions (AR)

(/usr/share/texlive/texmf-dist/tex/latex/caption/caption3.sty
Package: caption3 2016/05/22 v1.7-166 caption3 kernel (AR)
Package caption3 Info: TeX engine: e-TeX on input line 67.
\captionmargin=\dimen113
\captionmargin@=\dimen114
\captionwidth=\dimen115
\caption@tempdima=\dimen116
\caption@indent=\dimen117
\caption@parindent=\dimen118
\caption@hangindent=\dimen119
)
\c@ContinuedFloat=\count92
)
\c@subfigure=\count93
\c@subtable=\count94
)
(/usr/share/texlive/texmf-dist/tex/latex/listings/listings.sty
\lst@mode=\count95
\lst@gtempboxa=\box26
\lst@token=\toks16
\lst@length=\count96
\lst@currlwidth=\dimen120
\lst@column=\count97
\lst@pos=\count98
\lst@lostspace=\dimen121
\lst@width=\dimen122
\lst@newlines=\count99
\lst@lineno=\count100
\lst@maxwidth=\dimen123

(/usr/share/texlive/texmf-dist/tex/latex/listings/lstmisc.sty
File: lstmisc.sty 2015/06/04 1.6 (Carsten Heinz)
\c@lstnumber=\count101
\lst@skipnumbers=\count102
\lst@framebox=\box27
)
(/usr/share/texlive/texmf-dist/tex/latex/listings/listings.cfg
File: listings.cfg 2015/06/04 1.6 listings configuration
))
Package: listings 2015/06/04 1.6 (Carsten Heinz)

(/usr/share/texlive/texmf-dist/tex/latex/url/url.sty
\Urlmuskip=\muskip10
Package: url 2013/09/16  ver 3.4  Verb mode for urls, etc.
) (./final-report.aux)
\openout1 = `final-report.aux'.

LaTeX Font Info:    Checking defaults for OML/cmm/m/it on input line 14.
LaTeX Font Info:    ... okay on input line 14.
LaTeX Font Info:    Checking defaults for T1/cmr/m/n on input line 14.
LaTeX Font Info:    ... okay on input line 14.
LaTeX Font Info:    Checking defaults for OT1/cmr/m/n on input line 14.
LaTeX Font Info:    ... okay on input line 14.
LaTeX Font Info:    Checking defaults for OMS/cmsy/m/n on input line 14.
LaTeX Font Info:    ... okay on input line 14.
LaTeX Font Info:    Checking defaults for OMX/cmex/m/n on input line 14.
LaTeX Font Info:    ... okay on input line 14.
LaTeX Font Info:    Checking defaults for U/cmr/m/n on input line 14.
LaTeX Font Info:    ... okay on input line 14.
LaTeX Font Info:    Checking defaults for TS1/cmr/m/n on input line 14.
LaTeX Font Info:    Try loading font information for TS1+cmr on input line 14.

(/usr/share/texlive/texmf-dist/tex/latex/base/ts1cmr.fd
File: ts1cmr.fd 2014/09/29 v2.5h Standard LaTeX font definitions
)
LaTeX Font Info:    ... okay on input line 14.
LaTeX Font Info:    Try loading font information for OT1+ptm on input line 14.

(/usr/share/texlive/texmf-dist/tex/latex/psnfss/ot1ptm.fd
File: ot1ptm.fd 2001/06/04 font definitions for OT1/ptm.
)
\big@size=\dimen124

*geometry* driver: auto-detecting
*geometry* detected driver: pdftex
*geometry* verbose mode - [ preamble ] result:
* driver: pdftex
* paper: <default>
* layout: <same size as paper>
* layoutoffset:(h,v)=(0.0pt,0.0pt)
* modes: 
* h-part:(L,W,R)=(72.26999pt, 469.75502pt, 72.26999pt)
* v-part:(T,H,B)=(72.26999pt, 650.43001pt, 72.26999pt)
* \paperwidth=614.295pt
* \paperheight=794.96999pt
* \textwidth=469.75502pt
* \textheight=650.43001pt
* \oddsidemargin=0.0pt
* \evensidemargin=0.0pt
* \topmargin=-37.0pt
* \headheight=12.0pt
* \headsep=25.0pt
* \topskip=12.0pt
* \footskip=30.0pt
* \marginparwidth=44.0pt
* \marginparsep=10.0pt
* \columnsep=10.0pt
* \skip\footins=10.8pt plus 4.0pt minus 2.0pt
* \hoffset=0.0pt
* \voffset=0.0pt
* \mag=1000
* \@twocolumnfalse
* \@twosidefalse
* \@mparswitchfalse
* \@reversemarginfalse
* (1in=72.27pt=25.4mm, 1cm=28.453pt)

(/usr/share/texlive/texmf-dist/tex/context/base/mkii/supp-pdf.mkii
[Loading MPS to PDF converter (version 2006.09.02).]
\scratchcounter=\count103
\scratchdimen=\dimen125
\scratchbox=\box28
\nofMPsegments=\count104
\nofMParguments=\count105
\everyMPshowfont=\toks17
\MPscratchCnt=\count106
\MPscratchDim=\dimen126
\MPnumerator=\count107
\makeMPintoPDFobject=\count108
\everyMPtoPDFconversion=\toks18
) (/usr/share/texlive/texmf-dist/tex/latex/oberdiek/epstopdf-base.sty
Package: epstopdf-base 2016/05/15 v2.6 Base part for package epstopdf

(/usr/share/texlive/texmf-dist/tex/generic/oberdiek/infwarerr.sty
Package: infwarerr 2016/05/16 v1.4 Providing info/warning/error messages (HO)
)
(/usr/share/texlive/texmf-dist/tex/latex/oberdiek/grfext.sty
Package: grfext 2016/05/16 v1.2 Manage graphics extensions (HO)

(/usr/share/texlive/texmf-dist/tex/generic/oberdiek/kvdefinekeys.sty
Package: kvdefinekeys 2016/05/16 v1.4 Define keys (HO)

(/usr/share/texlive/texmf-dist/tex/generic/oberdiek/ltxcmds.sty
Package: ltxcmds 2016/05/16 v1.23 LaTeX kernel commands for general use (HO)
)))
(/usr/share/texlive/texmf-dist/tex/latex/oberdiek/kvoptions.sty
Package: kvoptions 2016/05/16 v3.12 Key value format for package options (HO)

(/usr/share/texlive/texmf-dist/tex/generic/oberdiek/kvsetkeys.sty
Package: kvsetkeys 2016/05/16 v1.17 Key value parser (HO)

(/usr/share/texlive/texmf-dist/tex/generic/oberdiek/etexcmds.sty
Package: etexcmds 2016/05/16 v1.6 Avoid name clashes with e-TeX commands (HO)

(/usr/share/texlive/texmf-dist/tex/generic/oberdiek/ifluatex.sty
Package: ifluatex 2016/05/16 v1.4 Provides the ifluatex switch (HO)
Package ifluatex Info: LuaTeX not detected.
)
Package etexcmds Info: Could not find \expanded.
(etexcmds)             That can mean that you are not using pdfTeX 1.50 or
(etexcmds)             that some package has redefined \expanded.
(etexcmds)             In the latter case, load this package earlier.
)))
(/usr/share/texlive/texmf-dist/tex/generic/oberdiek/pdftexcmds.sty
Package: pdftexcmds 2018/01/21 v0.26 Utility functions of pdfTeX for LuaTeX (HO
)
Package pdftexcmds Info: LuaTeX not detected.
Package pdftexcmds Info: \pdf@primitive is available.
Package pdftexcmds Info: \pdf@ifprimitive is available.
Package pdftexcmds Info: \pdfdraftmode found.
)
Package epstopdf-base Info: Redefining graphics rule for `.eps' on input line 4
38.
Package grfext Info: Graphics extension search list:
(grfext)             [.pdf,.png,.jpg,.mps,.jpeg,.jbig2,.jb2,.PDF,.PNG,.JPG,.JPE
G,.JBIG2,.JB2,.eps]
(grfext)             \AppendGraphicsExtensions on input line 456.

(/usr/share/texlive/texmf-dist/tex/latex/latexconfig/epstopdf-sys.cfg
File: epstopdf-sys.cfg 2010/07/13 v1.3 Configuration of (r)epstopdf for TeX Liv
e
))
Package caption Info: Begin \AtBeginDocument code.
Package caption Info: listings package is loaded.
Package caption Info: End \AtBeginDocument code.
\c@lstlisting=\count109
LaTeX Font Info:    Font shape `OT1/ptm/bx/n' in size <14.4> not available
(Font)              Font shape `OT1/ptm/b/n' tried instead on input line 22.

[1

{/var/lib/texmf/fonts/map/pdftex/updmap/pdftex.map}] [1] [1]
LaTeX Font Info:    Font shape `OT1/ptm/bx/n' in size <12> not available
(Font)              Font shape `OT1/ptm/b/n' tried instead on input line 103.

Underfull \hbox (badness 10000) in paragraph at lines 105--107

 []


Underfull \hbox (badness 10000) in paragraph at lines 108--109

 []


Underfull \hbox (badness 10000) in paragraph at lines 110--111

 []


Underfull \hbox (badness 10000) in paragraph at lines 112--113

 []

[1]
Underfull \hbox (badness 10000) in paragraph at lines 117--123

 []


Underfull \hbox (badness 10000) in paragraph at lines 124--126

 []


Overfull \hbox (28.44563pt too wide) in paragraph at lines 127--129
\OT1/ptm/m/n/12 Ubuntu Linux 18.04 Bionic Beaver, Python 3.6, Flask 1.0, Flask-
Marshmallow 0.10, Flask-SQLAlchemy
 []


Underfull \hbox (badness 10000) in paragraph at lines 127--129

 []

[2]
LaTeX Font Info:    Font shape `OT1/ptm/bx/n' in size <24.88> not available
(Font)              Font shape `OT1/ptm/b/n' tried instead on input line 132.

Underfull \hbox (badness 10000) in paragraph at lines 135--137

 []


Underfull \hbox (badness 10000) in paragraph at lines 138--139

 []


Underfull \hbox (badness 10000) in paragraph at lines 140--141

 []


Underfull \hbox (badness 10000) in paragraph at lines 142--143

 []

[1

] (./final-report.toc
LaTeX Font Info:    Try loading font information for OT1+ztmcm on input line 2.


(/usr/share/texlive/texmf-dist/tex/latex/psnfss/ot1ztmcm.fd
File: ot1ztmcm.fd 2000/01/03 Fontinst v1.801 font definitions for OT1/ztmcm.
)
LaTeX Font Info:    Try loading font information for OML+ztmcm on input line 2.


(/usr/share/texlive/texmf-dist/tex/latex/psnfss/omlztmcm.fd
File: omlztmcm.fd 2000/01/03 Fontinst v1.801 font definitions for OML/ztmcm.
)
LaTeX Font Info:    Try loading font information for OMS+ztmcm on input line 2.


(/usr/share/texlive/texmf-dist/tex/latex/psnfss/omsztmcm.fd
File: omsztmcm.fd 2000/01/03 Fontinst v1.801 font definitions for OMS/ztmcm.
)
LaTeX Font Info:    Try loading font information for OMX+ztmcm on input line 2.


(/usr/share/texlive/texmf-dist/tex/latex/psnfss/omxztmcm.fd
File: omxztmcm.fd 2000/01/03 Fontinst v1.801 font definitions for OMX/ztmcm.
)
LaTeX Font Info:    Font shape `OT1/ptm/bx/n' in size <9> not available
(Font)              Font shape `OT1/ptm/b/n' tried instead on input line 2.
LaTeX Font Info:    Font shape `OT1/ptm/bx/n' in size <7> not available
(Font)              Font shape `OT1/ptm/b/n' tried instead on input line 2.
 [2


] [3])
\tf@toc=\write3
\openout3 = `final-report.toc'.

 [4]
Chapter 1.
LaTeX Font Info:    Font shape `OT1/ptm/bx/n' in size <17.28> not available
(Font)              Font shape `OT1/ptm/b/n' tried instead on input line 149.

Underfull \hbox (badness 10000) in paragraph at lines 150--151

 []


Underfull \hbox (badness 10000) in paragraph at lines 152--153

 []


Underfull \hbox (badness 10000) in paragraph at lines 154--155

 []

[5

]
Underfull \hbox (badness 10000) in paragraph at lines 156--157

 []


Underfull \hbox (badness 10000) in paragraph at lines 158--159

 []

[6]
Missing character: There is no ‚ in font ptmr7t!
Missing character: There is no Ä in font ptmr7t!
Missing character: There is no ú in font ptmr7t!
Missing character: There is no ‚ in font ptmr7t!
Missing character: There is no Ä in font ptmr7t!
Missing character: There is no ù in font ptmr7t!

Underfull \hbox (badness 10000) in paragraph at lines 164--165

 []


Overfull \hbox (7.11983pt too wide) in paragraph at lines 167--195
[][] 
 []


Underfull \hbox (badness 10000) in paragraph at lines 167--195

 []


Underfull \hbox (badness 10000) in paragraph at lines 198--199

 []

[7] [8]
Missing character: There is no ‚ in font ptmr7t!
Missing character: There is no Ä in font ptmr7t!
Missing character: There is no ô in font ptmr7t!
 [9] [10]
Chapter 2.
LaTeX Font Info:    Try loading font information for TS1+ptm on input line 236.

(/usr/share/texlive/texmf-dist/tex/latex/psnfss/ts1ptm.fd
File: ts1ptm.fd 2001/06/04 font definitions for TS1/ptm.
)
Underfull \hbox (badness 10000) in paragraph at lines 236--237

 []

[11

]
Missing character: There is no ‚ in font ptmr7t!
Missing character: There is no Ä in font ptmr7t!
Missing character: There is no ò in font ptmr7t!
Missing character: There is no ‚ in font ptmr7t!
Missing character: There is no Ä in font ptmr7t!
Missing character: There is no ô in font ptmr7t!

Underfull \hbox (badness 10000) in paragraph at lines 253--254

 []


Underfull \hbox (badness 10000) in paragraph at lines 259--260

 []

[12]
Missing character: There is no ‚ in font ptmr7t!
Missing character: There is no Ä in font ptmr7t!
Missing character: There is no ú in font ptmr7t!
Missing character: There is no ‚ in font ptmr7t!
Missing character: There is no Ä in font ptmr7t!
Missing character: There is no ù in font ptmr7t!
Missing character: There is no ‚ in font ptmr7t!
Missing character: There is no Ä in font ptmr7t!
Missing character: There is no ú in font ptmr7t!
Missing character: There is no ‚ in font ptmr7t!
Missing character: There is no Ä in font ptmr7t!
Missing character: There is no ù in font ptmr7t!

Underfull \hbox (badness 10000) in paragraph at lines 261--262

 []

<./pictures/yoshka-hls.png, id=58, 327.09703pt x 395.97937pt>
File: ./pictures/yoshka-hls.png Graphic file (type png)
<use ./pictures/yoshka-hls.png>
Package pdftex.def Info: ./pictures/yoshka-hls.png  used on input line 268.
(pdftex.def)             Requested size: 211.38832pt x 255.90321pt.
<./pictures/yoshka-bbt.png, id=59, 335.00156pt x 503.63156pt>
File: ./pictures/yoshka-bbt.png Graphic file (type png)
<use ./pictures/yoshka-bbt.png>
Package pdftex.def Info: ./pictures/yoshka-bbt.png  used on input line 272.
(pdftex.def)             Requested size: 190.24818pt x 286.01247pt.

Underfull \hbox (badness 10000) in paragraph at lines 280--281

 []

[13 <./pictures/yoshka-hls.png (PNG copy)> <./pictures/yoshka-bbt.png (PNG copy
)>]
Underfull \hbox (badness 10000) in paragraph at lines 287--288

 []

<./pictures/cryton-hls.png, id=63, 1614.03pt x 961.5925pt>
File: ./pictures/cryton-hls.png Graphic file (type png)
<use ./pictures/cryton-hls.png>
Package pdftex.def Info: ./pictures/cryton-hls.png  used on input line 293.
(pdftex.def)             Requested size: 375.80544pt x 223.89075pt.

LaTeX Warning: `!h' float specifier changed to `!ht'.

[14]
<./pictures/cryton-arc.png, id=69, 805.13297pt x 277.4114pt>
File: ./pictures/cryton-arc.png Graphic file (type png)
<use ./pictures/cryton-arc.png>
Package pdftex.def Info: ./pictures/cryton-arc.png  used on input line 303.
(pdftex.def)             Requested size: 469.75502pt x 161.85536pt.
Missing character: There is no ‚ in font ptmr7t!
Missing character: There is no Ä in font ptmr7t!
Missing character: There is no ú in font ptmr7t!
Missing character: There is no ‚ in font ptmr7t!
Missing character: There is no Ä in font ptmr7t!
Missing character: There is no ù in font ptmr7t!
Missing character: There is no ‚ in font ptmr7t!
Missing character: There is no Ä in font ptmr7t!
Missing character: There is no ú in font ptmr7t!
Missing character: There is no ‚ in font ptmr7t!
Missing character: There is no Ä in font ptmr7t!
Missing character: There is no ù in font ptmr7t!
Missing character: There is no ‚ in font ptmr7t!
Missing character: There is no Ä in font ptmr7t!
Missing character: There is no ú in font ptmr7t!
Missing character: There is no ‚ in font ptmr7t!
Missing character: There is no Ä in font ptmr7t!
Missing character: There is no ù in font ptmr7t!
 [15 <./pictures/cryton-hls.png> <./pictures/cryton-arc.png (PNG copy)>]
Underfull \hbox (badness 10000) in paragraph at lines 311--312

 []

Missing character: There is no ‚ in font ptmr7t!
Missing character: There is no Ä in font ptmr7t!
Missing character: There is no ú in font ptmr7t!
Missing character: There is no ‚ in font ptmr7t!
Missing character: There is no Ä in font ptmr7t!
Missing character: There is no ù in font ptmr7t!
Missing character: There is no ‚ in font ptmr7t!
Missing character: There is no Ä in font ptmr7t!
Missing character: There is no ú in font ptmr7t!
Missing character: There is no ‚ in font ptmr7t!
Missing character: There is no Ä in font ptmr7t!
Missing character: There is no ù in font ptmr7t!

Underfull \hbox (badness 10000) in paragraph at lines 313--314

 []


Underfull \hbox (badness 10000) in paragraph at lines 315--316

 []

[16]
Underfull \hbox (badness 10000) in paragraph at lines 320--321

 []


Underfull \hbox (badness 10000) in paragraph at lines 325--326

 []


Underfull \hbox (badness 10000) in paragraph at lines 328--329

 []

[17] [18]
Chapter 3.

Underfull \hbox (badness 10000) in paragraph at lines 370--371

 []


Overfull \hbox (20.81207pt too wide) in paragraph at lines 373--385
[][] 
 []


Overfull \hbox (16.44476pt too wide) in paragraph at lines 387--408
[][] 
 []

[19

]
Underfull \hbox (badness 10000) in paragraph at lines 411--412

 []

<./pictures/autraff-arc.png, id=86, 541.12163pt x 555.12393pt>
File: ./pictures/autraff-arc.png Graphic file (type png)
<use ./pictures/autraff-arc.png>
Package pdftex.def Info: ./pictures/autraff-arc.png  used on input line 419.
(pdftex.def)             Requested size: 469.75502pt x 481.92899pt.

LaTeX Warning: `!h' float specifier changed to `!ht'.

[20] [21 <./pictures/autraff-arc.png>] [22] [23]
Underfull \hbox (badness 10000) in paragraph at lines 466--467

 []

<./pictures/client-template.png, id=100, 730.73pt x 494.84875pt>
File: ./pictures/client-template.png Graphic file (type png)
<use ./pictures/client-template.png>
Package pdftex.def Info: ./pictures/client-template.png  used on input line 470
.
(pdftex.def)             Requested size: 281.85587pt x 190.86847pt.
[24 <./pictures/client-template.png>]
Underfull \hbox (badness 10000) in paragraph at lines 478--479

 []

<./pictures/job-template.png, id=104, 915.42pt x 1374.13374pt>
File: ./pictures/job-template.png Graphic file (type png)
<use ./pictures/job-template.png>
Package pdftex.def Info: ./pictures/job-template.png  used on input line 482.
(pdftex.def)             Requested size: 281.85587pt x 423.08354pt.
[25 <./pictures/job-template.png>] [26]
<./pictures/template-bbt.png, id=112, 280.04625pt x 144.54pt>
File: ./pictures/template-bbt.png Graphic file (type png)
<use ./pictures/template-bbt.png>
Package pdftex.def Info: ./pictures/template-bbt.png  used on input line 520.
(pdftex.def)             Requested size: 281.85587pt x 145.48137pt.
Missing character: There is no √ in font ptmr7t!
Missing character: There is no ≥ in font ptmr7t!
 [27 <./pictures/template-bbt.png>]
<./pictures/comm-uml.png, id=116, 664.4825pt x 654.445pt>
File: ./pictures/comm-uml.png Graphic file (type png)
<use ./pictures/comm-uml.png>
Package pdftex.def Info: ./pictures/comm-uml.png  used on input line 539.
(pdftex.def)             Requested size: 469.75502pt x 462.662pt.

Underfull \hbox (badness 10000) in paragraph at lines 543--544

 []

[28 <./pictures/comm-uml.png>]
Underfull \hbox (badness 10000) in paragraph at lines 561--562

 []

[29]
LaTeX Font Info:    Try loading font information for OMS+ptm on input line 566.

 (/usr/share/texlive/texmf-dist/tex/latex/psnfss/omsptm.fd
File: omsptm.fd 
)
LaTeX Font Info:    Font shape `OMS/ptm/m/n' in size <12> not available
(Font)              Font shape `OMS/cmsy/m/n' tried instead on input line 566.

Underfull \hbox (badness 10000) in paragraph at lines 585--586

 []

[30]
Missing character: There is no √ in font ptmr7t!
Missing character: There is no ∂ in font ptmr7t!

Underfull \hbox (badness 10000) in paragraph at lines 597--598

 []


Underfull \hbox (badness 10000) in paragraph at lines 599--600

 []

<./pictures/scheduler-uml.png, id=128, 825.0825pt x 433.62pt>
File: ./pictures/scheduler-uml.png Graphic file (type png)
<use ./pictures/scheduler-uml.png>
Package pdftex.def Info: ./pictures/scheduler-uml.png  used on input line 603.
(pdftex.def)             Requested size: 469.75502pt x 246.88145pt.

LaTeX Warning: `!h' float specifier changed to `!ht'.


Underfull \hbox (badness 10000) in paragraph at lines 607--608

 []

[31] [32 <./pictures/scheduler-uml.png>]
Underfull \hbox (badness 10000) in paragraph at lines 624--625

 []

<./pictures/db-schema.png, id=137, 873.2625pt x 441.65pt>
File: ./pictures/db-schema.png Graphic file (type png)
<use ./pictures/db-schema.png>
Package pdftex.def Info: ./pictures/db-schema.png  used on input line 630.
(pdftex.def)             Requested size: 469.75502pt x 237.57767pt.

Underfull \hbox (badness 10000) in paragraph at lines 635--636

 []

[33 <./pictures/db-schema.png>]
LaTeX Font Info:    Try loading font information for OML+ptm on input line 646.


(/usr/share/texlive/texmf-dist/tex/latex/psnfss/omlptm.fd
File: omlptm.fd 
)

LaTeX Font Warning: Font shape `OML/ptm/bx/n' undefined
(Font)              using `OML/ptm/m/it' instead
(Font)              for symbol `textless' on input line 646.

LaTeX Font Info:    Font shape `OML/ptm/m/it' in size <12> not available
(Font)              Font shape `OML/cmm/m/it' tried instead on input line 646.
LaTeX Font Info:    Font shape `OML/ptm/bx/n' in size <12> not available
(Font)              Font shape `OML/cmm/m/it' tried instead on input line 646.
[34]
Underfull \hbox (badness 10000) in paragraph at lines 666--667

 []

[35]
Underfull \hbox (badness 10000) in paragraph at lines 668--669

 []

<./pictures/home-page.png, id=149, 1972.36874pt x 1348.03625pt>
File: ./pictures/home-page.png Graphic file (type png)
<use ./pictures/home-page.png>
Package pdftex.def Info: ./pictures/home-page.png  used on input line 672.
(pdftex.def)             Requested size: 375.80544pt x 256.84947pt.
<./pictures/client-dash.png, id=150, 2542.49875pt x 1180.41pt>
File: ./pictures/client-dash.png Graphic file (type png)
<use ./pictures/client-dash.png>
Package pdftex.def Info: ./pictures/client-dash.png  used on input line 678.
(pdftex.def)             Requested size: 469.75502pt x 218.08424pt.

LaTeX Warning: `!h' float specifier changed to `!ht'.

<./pictures/client-page.png, id=151, 2363.83125pt x 735.74875pt>
File: ./pictures/client-page.png Graphic file (type png)
<use ./pictures/client-page.png>
Package pdftex.def Info: ./pictures/client-page.png  used on input line 684.
(pdftex.def)             Requested size: 422.77664pt x 131.58705pt.

LaTeX Warning: `!h' float specifier changed to `!ht'.

<./pictures/task-list.png, id=152, 2381.89874pt x 864.22874pt>
File: ./pictures/task-list.png Graphic file (type png)
<use ./pictures/task-list.png>
Package pdftex.def Info: ./pictures/task-list.png  used on input line 690.
(pdftex.def)             Requested size: 422.77664pt x 153.39178pt.

LaTeX Warning: `!h' float specifier changed to `!ht'.


Underfull \hbox (badness 10000) in paragraph at lines 696--697

 []

[36 <./pictures/home-page.png>]

LaTeX Warning: Text page 37 contains only floats.

[37 <./pictures/client-dash.png> <./pictures/client-page.png> <./pictures/task-
list.png>]
<./pictures/use-case.png, id=159, 635.37375pt x 926.46124pt>
File: ./pictures/use-case.png Graphic file (type png)
<use ./pictures/use-case.png>
Package pdftex.def Info: ./pictures/use-case.png  used on input line 700.
(pdftex.def)             Requested size: 328.82707pt x 479.48662pt.
 [38 <./pictures/use-case.png>] [39]
Chapter 4.

Underfull \hbox (badness 10000) in paragraph at lines 716--717

 []


Underfull \hbox (badness 10000) in paragraph at lines 721--722

 []

[40

]
Underfull \hbox (badness 10000) in paragraph at lines 723--724

 []


Underfull \hbox (badness 10000) in paragraph at lines 729--730

 []

Missing character: There is no √ in font ptmr7t!
Missing character: There is no ° in font ptmr7t!

Underfull \hbox (badness 10000) in paragraph at lines 731--732

 []

[41] [42]
Chapter 5.

Underfull \hbox (badness 10000) in paragraph at lines 744--745

 []

[43

]
Missing character: There is no √ in font ptmr7t!
Missing character: There is no ° in font ptmr7t!
<./pictures/interest-freq.png, id=181, 686.565pt x 179.67125pt>
File: ./pictures/interest-freq.png Graphic file (type png)
<use ./pictures/interest-freq.png>
Package pdftex.def Info: ./pictures/interest-freq.png  used on input line 786.
(pdftex.def)             Requested size: 328.82707pt x 86.05203pt.


LaTeX Warning: `!h' float specifier changed to `!ht'.

[44]
<./pictures/model.png, id=186, 480.67078pt x 384.31078pt>
File: ./pictures/model.png Graphic file (type png)
<use ./pictures/model.png>
Package pdftex.def Info: ./pictures/model.png  used on input line 799.
(pdftex.def)             Requested size: 375.80544pt x 300.47075pt.
 [45 <./pictures/interest-freq.png> <./pictures/model.png (PNG copy)>]
Underfull \hbox (badness 10000) in paragraph at lines 830--831

 []

[46]
Underfull \hbox (badness 10000) in paragraph at lines 832--833

 []


Underfull \hbox (badness 10000) in paragraph at lines 837--838

 []

[47]
<./pictures/prob-link.png, id=200, 1105.12875pt x 916.42375pt>
File: ./pictures/prob-link.png Graphic file (type png)
<use ./pictures/prob-link.png>
Package pdftex.def Info: ./pictures/prob-link.png  used on input line 868.
(pdftex.def)             Requested size: 328.82707pt x 272.6779pt.
<./pictures/hbs-flow.png, id=201, 717.68124pt x 892.33376pt>
File: ./pictures/hbs-flow.png Graphic file (type png)
<use ./pictures/hbs-flow.png>
Package pdftex.def Info: ./pictures/hbs-flow.png  used on input line 877.
(pdftex.def)             Requested size: 422.77664pt x 525.66902pt.
 [48 <./pictures/prob-link.png>]
Underfull \hbox (badness 10000) in paragraph at lines 882--883

 []

[49 <./pictures/hbs-flow.png>]
Underfull \hbox (badness 10000) in paragraph at lines 884--885

 []


Underfull \hbox (badness 10000) in paragraph at lines 886--887

 []

[50]
Missing character: There is no √ in font ptmr7t!
Missing character: There is no ° in font ptmr7t!

Underfull \hbox (badness 10000) in paragraph at lines 894--895

 []

[51]
Chapter 6.

Underfull \hbox (badness 10000) in paragraph at lines 899--900

 []

[52

]
Chapter 7.

Underfull \hbox (badness 10000) in paragraph at lines 910--911

 []

[53

] [54] (./final-report.bbl [55]
Missing character: There is no √ in font ptmr7t!
Missing character: There is no ° in font ptmr7t!
Missing character: There is no √ in font ptmr7t!
Missing character: There is no ® in font ptmr7t!
Missing character: There is no √ in font ptmr7t!
Missing character: There is no ∂ in font ptmr7t!
 [56

]
Missing character: There is no ‚ in font ptmr7t!
Missing character: There is no Ä in font ptmr7t!
Missing character: There is no ô in font ptmr7t!
Missing character: There is no √ in font ptmr7t!
Missing character: There is no ≥ in font ptmr7t!
) [57] (./final-report.aux)

LaTeX Font Warning: Some font shapes were not available, defaults substituted.

 ) 
Here is how much of TeX's memory you used:
 5526 strings out of 494880
 84954 string characters out of 6179602
 143605 words of memory out of 5000000
 8722 multiletter control sequences out of 15000+600000
 34489 words of font info for 73 fonts, out of 8000000 for 9000
 36 hyphenation exceptions out of 8191
 42i,7n,40p,970b,1391s stack positions out of 5000i,500n,10000p,200000b,80000s
{/usr/share/texlive/texmf-dist/fonts/enc/dvips/base/8r.enc}</usr/share/texliv
e/texmf-dist/fonts/type1/public/amsfonts/cm/cmmi10.pfb></usr/share/texlive/texm
f-dist/fonts/type1/public/amsfonts/cm/cmmi12.pfb></usr/share/texlive/texmf-dist
/fonts/type1/public/amsfonts/cm/cmr10.pfb></usr/share/texlive/texmf-dist/fonts/
type1/public/amsfonts/cm/cmsy10.pfb></usr/share/texlive/texmf-dist/fonts/type1/
public/amsfonts/cm/cmtt12.pfb></usr/share/texlive/texmf-dist/fonts/type1/urw/sy
mbol/usyr.pfb></usr/share/texlive/texmf-dist/fonts/type1/urw/times/utmb8a.pfb><
/usr/share/texlive/texmf-dist/fonts/type1/urw/times/utmr8a.pfb></usr/share/texl
ive/texmf-dist/fonts/type1/urw/times/utmri8a.pfb>
Output written on final-report.pdf (62 pages, 2120486 bytes).
PDF statistics:
 270 PDF objects out of 1000 (max. 8388607)
 168 compressed objects within 2 object streams
 0 named destinations out of 1000 (max. 500000)
 101 words of extra memory for PDF output out of 10000 (max. 10000000)

